[debug] [2022-07-21T11:21:02.055Z] ----------------------------------------------------------------------
[debug] [2022-07-21T11:21:02.057Z] Command:       C:\Program Files\nodejs\node.exe C:\Users\Admin\AppData\Roaming\npm\node_modules\firebase-tools\lib\bin\firebase.js init
[debug] [2022-07-21T11:21:02.058Z] CLI Version:   11.3.0
[debug] [2022-07-21T11:21:02.058Z] Platform:      win32
[debug] [2022-07-21T11:21:02.058Z] Node Version:  v16.15.0
[debug] [2022-07-21T11:21:02.059Z] Time:          Thu Jul 21 2022 13:21:02 GMT+0200 (South Africa Standard Time)
[debug] [2022-07-21T11:21:02.059Z] ----------------------------------------------------------------------
[debug] 
[debug] [2022-07-21T11:21:02.138Z] > command requires scopes: ["email","openid","https://www.googleapis.com/auth/cloudplatformprojects.readonly","https://www.googleapis.com/auth/firebase","https://www.googleapis.com/auth/cloud-platform"]
[debug] [2022-07-21T11:21:02.139Z] > authorizing via signed-in user (selbysabelomdashe@gmail.com)
[info] 
     ######## #### ########  ######## ########     ###     ######  ########
     ##        ##  ##     ## ##       ##     ##  ##   ##  ##       ##
     ######    ##  ########  ######   ########  #########  ######  ######
     ##        ##  ##    ##  ##       ##     ## ##     ##       ## ##
     ##       #### ##     ## ######## ########  ##     ##  ######  ########

You're about to initialize a Firebase project in this directory:

  C:\Users\Admin\Documents\vue-portfolio

Before we get started, keep in mind:

  * You are initializing within an existing Firebase project directory

[info] 
=== Project Setup
[info] 
[info] First, let's associate this project directory with a Firebase project.
[info] You can create multiple project aliases by running firebase use --add, 
[info] but for now we'll just set up a default project.
[info] 
[debug] [2022-07-21T11:21:14.085Z] Using project from CLI flag: vue-portfolio-7d878
[debug] [2022-07-21T11:21:14.087Z] > refreshing access token with scopes: []
[debug] [2022-07-21T11:21:14.090Z] >>> [apiv2][query] POST https://www.googleapis.com/oauth2/v3/token [none]
[debug] [2022-07-21T11:21:14.090Z] >>> [apiv2][body] POST https://www.googleapis.com/oauth2/v3/token [omitted]
[debug] [2022-07-21T11:21:14.605Z] <<< [apiv2][status] POST https://www.googleapis.com/oauth2/v3/token 200
[debug] [2022-07-21T11:21:14.606Z] <<< [apiv2][body] POST https://www.googleapis.com/oauth2/v3/token [omitted]
[debug] [2022-07-21T11:21:14.616Z] >>> [apiv2][query] GET https://firebase.googleapis.com/v1beta1/projects/vue-portfolio-7d878 [none]
[debug] [2022-07-21T11:21:15.262Z] <<< [apiv2][status] GET https://firebase.googleapis.com/v1beta1/projects/vue-portfolio-7d878 200
[debug] [2022-07-21T11:21:15.262Z] <<< [apiv2][body] GET https://firebase.googleapis.com/v1beta1/projects/vue-portfolio-7d878 {"projectId":"vue-portfolio-7d878","projectNumber":"935498482107","displayName":"Vue-Portfolio","name":"projects/vue-portfolio-7d878","resources":{"hostingSite":"vue-portfolio-7d878"},"state":"ACTIVE"}
[info] i  Using project vue-portfolio-7d878 (Vue-Portfolio) 
[info] 
=== Hosting Setup
[info] 
[info] Your public directory is the folder (relative to your project directory) that
[info] will contain Hosting assets to be uploaded with firebase deploy. If you
[info] have a build process for your assets, use your build's output directory.
[info] 
